2025-09-12 16:02:04,581 - __main__ - INFO - Starting complete FED scraping pipeline
2025-09-12 16:02:04,582 - __main__ - INFO - Starting scrape of 2 most recent FOMC minutes
2025-09-12 16:02:04,582 - __main__ - INFO - Starting calendar data extraction...
2025-09-12 16:02:04,582 - __main__ - INFO - Requesting: https://www.federalreserve.gov/monetarypolicy/fomccalendars.htm (attempt 1)
2025-09-12 16:02:09,779 - __main__ - INFO - Successfully fetched: https://www.federalreserve.gov/monetarypolicy/fomccalendars.htm
2025-09-12 16:02:09,813 - __main__ - INFO - Extracted 90 unique document references
2025-09-12 16:02:09,814 - __main__ - INFO - Scraping content from: https://www.federalreserve.gov/monetarypolicy/fomcminutes20250730.htm
2025-09-12 16:02:09,814 - __main__ - INFO - Requesting: https://www.federalreserve.gov/monetarypolicy/fomcminutes20250730.htm (attempt 1)
2025-09-12 16:02:15,021 - __main__ - INFO - Successfully fetched: https://www.federalreserve.gov/monetarypolicy/fomcminutes20250730.htm
2025-09-12 16:02:15,059 - validators - INFO - Validating document: July 30, 2025
2025-09-12 16:02:15,067 - validators - INFO - Validation complete. Status: VALID, Score: 1.000
2025-09-12 16:02:15,067 - __main__ - INFO - Content extracted: 47521 characters
2025-09-12 16:02:15,067 - __main__ - INFO - Validation status: VALID
2025-09-12 16:02:20,072 - __main__ - INFO - Scraping content from: https://www.federalreserve.gov/monetarypolicy/fomcminutes20250618.htm
2025-09-12 16:02:20,073 - __main__ - INFO - Requesting: https://www.federalreserve.gov/monetarypolicy/fomcminutes20250618.htm (attempt 1)
2025-09-12 16:02:25,260 - __main__ - INFO - Successfully fetched: https://www.federalreserve.gov/monetarypolicy/fomcminutes20250618.htm
2025-09-12 16:02:25,275 - validators - INFO - Validating document: June 18, 2025
2025-09-12 16:02:25,280 - validators - INFO - Validation complete. Status: VALID, Score: 1.000
2025-09-12 16:02:25,280 - __main__ - INFO - Content extracted: 47375 characters
2025-09-12 16:02:25,280 - __main__ - INFO - Validation status: VALID
2025-09-12 16:02:30,285 - transformers - INFO - Processing 2 documents for analysis
2025-09-12 16:02:30,544 - transformers - INFO - Document processing completed successfully
2025-09-12 16:02:30,545 - __main__ - INFO - Data saved to: /Users/robbieliesegang/Desktop/Git Repos/FED-Minutes-Scraper/data/raw_fomc_data_20250912_160230.json
2025-09-12 16:02:30,545 - __main__ - INFO - Pipeline completed successfully
2025-09-12 16:07:04,477 - __main__ - INFO - Starting complete FED scraping pipeline
2025-09-12 16:07:04,478 - __main__ - INFO - Starting scrape of 4 most recent FOMC minutes
2025-09-12 16:07:04,478 - __main__ - INFO - Starting calendar data extraction...
2025-09-12 16:07:04,478 - __main__ - INFO - Requesting: https://www.federalreserve.gov/monetarypolicy/fomccalendars.htm (attempt 1)
2025-09-12 16:07:09,664 - __main__ - INFO - Successfully fetched: https://www.federalreserve.gov/monetarypolicy/fomccalendars.htm
2025-09-12 16:07:09,715 - __main__ - INFO - Extracted 90 unique document references
2025-09-12 16:07:09,716 - __main__ - INFO - Scraping content from: https://www.federalreserve.gov/monetarypolicy/fomcminutes20250730.htm
2025-09-12 16:07:09,716 - __main__ - INFO - Requesting: https://www.federalreserve.gov/monetarypolicy/fomcminutes20250730.htm (attempt 1)
2025-09-12 16:07:14,886 - __main__ - INFO - Successfully fetched: https://www.federalreserve.gov/monetarypolicy/fomcminutes20250730.htm
2025-09-12 16:07:14,938 - validators - INFO - Validating document: July 30, 2025
2025-09-12 16:07:14,944 - validators - INFO - Validation complete. Status: VALID, Score: 1.000
2025-09-12 16:07:14,944 - __main__ - INFO - Content extracted: 47521 characters
2025-09-12 16:07:14,944 - __main__ - INFO - Validation status: VALID
2025-09-12 16:07:19,950 - __main__ - INFO - Scraping content from: https://www.federalreserve.gov/monetarypolicy/fomcminutes20250618.htm
2025-09-12 16:07:19,950 - __main__ - INFO - Requesting: https://www.federalreserve.gov/monetarypolicy/fomcminutes20250618.htm (attempt 1)
2025-09-12 16:07:25,158 - __main__ - INFO - Successfully fetched: https://www.federalreserve.gov/monetarypolicy/fomcminutes20250618.htm
2025-09-12 16:07:25,196 - validators - INFO - Validating document: June 18, 2025
2025-09-12 16:07:25,203 - validators - INFO - Validation complete. Status: VALID, Score: 1.000
2025-09-12 16:07:25,203 - __main__ - INFO - Content extracted: 47375 characters
2025-09-12 16:07:25,203 - __main__ - INFO - Validation status: VALID
2025-09-12 16:07:30,208 - __main__ - INFO - Scraping content from: https://www.federalreserve.gov/monetarypolicy/fomcminutes20250507.htm
2025-09-12 16:07:30,209 - __main__ - INFO - Requesting: https://www.federalreserve.gov/monetarypolicy/fomcminutes20250507.htm (attempt 1)
2025-09-12 16:07:35,396 - __main__ - INFO - Successfully fetched: https://www.federalreserve.gov/monetarypolicy/fomcminutes20250507.htm
2025-09-12 16:07:35,428 - validators - INFO - Validating document: May 07, 2025
2025-09-12 16:07:35,434 - validators - INFO - Validation complete. Status: VALID, Score: 0.900
2025-09-12 16:07:35,434 - __main__ - INFO - Content extracted: 51089 characters
2025-09-12 16:07:35,434 - __main__ - INFO - Validation status: VALID
2025-09-12 16:07:40,439 - __main__ - INFO - Scraping content from: https://www.federalreserve.gov/monetarypolicy/fomcminutes20250319.htm
2025-09-12 16:07:40,440 - __main__ - INFO - Requesting: https://www.federalreserve.gov/monetarypolicy/fomcminutes20250319.htm (attempt 1)
2025-09-12 16:07:45,607 - __main__ - INFO - Successfully fetched: https://www.federalreserve.gov/monetarypolicy/fomcminutes20250319.htm
2025-09-12 16:07:45,643 - validators - INFO - Validating document: March 19, 2025
2025-09-12 16:07:45,650 - validators - INFO - Validation complete. Status: VALID, Score: 1.000
2025-09-12 16:07:45,650 - __main__ - INFO - Content extracted: 48777 characters
2025-09-12 16:07:45,650 - __main__ - INFO - Validation status: VALID
2025-09-12 16:07:50,656 - transformers - INFO - Processing 4 documents for analysis
2025-09-12 16:07:51,143 - transformers - INFO - Document processing completed successfully
2025-09-12 16:07:51,144 - __main__ - INFO - Data saved to: /Users/robbieliesegang/Desktop/Git Repos/FED-Minutes-Scraper/data/raw_fomc_data_20250912_160751.json
2025-09-12 16:07:51,145 - __main__ - INFO - Pipeline completed successfully
